Simulating 2 participants in 200000 drawings
{
  expected: 0.5,
  mean: 0.5,
  min: 0.499955,
  max: 0.500045,
  range: 0.00008999999999997899,
  stddev: 0.00006363961030677442,
  stddev_rel: 0.00012727922061354883,
  range_rel: 0.00017999999999995797,
  mean_err: 0,
  mean_err_rel: 0
}


Simulating 3 participants in 300000 drawings
{
  expected: 0.3333333333333333,
  mean: 0.3333333333333333,
  min: 0.33294,
  max: 0.33375333333333335,
  range: 0.0008133333333333326,
  stddev: 0.00040732187654373764,
  stddev_rel: 0.001221965629631213,
  range_rel: 0.0024399999999999977,
  mean_err: 0,
  mean_err_rel: 0
}


Simulating 4 participants in 400000 drawings
{
  expected: 0.25,
  mean: 0.25,
  min: 0.2494775,
  max: 0.2505375,
  range: 0.0010600000000000331,
  stddev: 0.0004337722136482988,
  stddev_rel: 0.0017350888545931951,
  range_rel: 0.0042400000000001326,
  mean_err: 0,
  mean_err_rel: 0
}


Simulating 5 participants in 500000 drawings
{
  expected: 0.2,
  mean: 0.2,
  min: 0.19954,
  max: 0.200482,
  range: 0.0009419999999999984,
  stddev: 0.00039550726921259316,
  stddev_rel: 0.001977536346062966,
  range_rel: 0.004709999999999992,
  mean_err: 0,
  mean_err_rel: 0
}


Simulating 6 participants in 600000 drawings
{
  expected: 0.16666666666666666,
  mean: 0.16666666666666666,
  min: 0.165475,
  max: 0.167765,
  range: 0.0022899999999999865,
  stddev: 0.0007838792424006797,
  stddev_rel: 0.004703275454404078,
  range_rel: 0.013739999999999919,
  mean_err: 0,
  mean_err_rel: 0
}


Simulating 7 participants in 700000 drawings
{
  expected: 0.14285714285714285,
  mean: 0.14285714285714285,
  min: 0.14228142857142856,
  max: 0.1434042857142857,
  range: 0.0011228571428571477,
  stddev: 0.00034246604678023044,
  stddev_rel: 0.002397262327461613,
  range_rel: 0.007860000000000034,
  mean_err: 0,
  mean_err_rel: 0
}


Simulating 8 participants in 800000 drawings
{
  expected: 0.125,
  mean: 0.125,
  min: 0.12471375,
  max: 0.12557625,
  range: 0.0008625000000000022,
  stddev: 0.00027943901072378187,
  stddev_rel: 0.002235512085790255,
  range_rel: 0.006900000000000017,
  mean_err: 0,
  mean_err_rel: 0
}


Simulating 10 participants in 1000000 drawings
{
  expected: 0.1,
  mean: 0.1,
  min: 0.099616,
  max: 0.100652,
  range: 0.0010360000000000091,
  stddev: 0.0003349706454800679,
  stddev_rel: 0.003349706454800679,
  range_rel: 0.010360000000000091,
  mean_err: 0,
  mean_err_rel: 0
}


Simulating 12 participants in 1200000 drawings
{
  expected: 0.08333333333333333,
  mean: 0.08333333333333336,
  min: 0.08290916666666667,
  max: 0.08380083333333334,
  range: 0.0008916666666666656,
  stddev: 0.00024411404438636248,
  stddev_rel: 0.00292936853263635,
  range_rel: 0.010699999999999987,
  mean_err: 2.7755575615628914e-17,
  mean_err_rel: 3.3306690738754696e-16
}


Simulating 14 participants in 1400000 drawings
{
  expected: 0.07142857142857142,
  mean: 0.07142857142857142,
  min: 0.07115071428571429,
  max: 0.07167642857142857,
  range: 0.0005257142857142821,
  stddev: 0.00016317998653719471,
  stddev_rel: 0.002284519811520726,
  range_rel: 0.00735999999999995,
  mean_err: 0,
  mean_err_rel: 0
}


Simulating 17 participants in 1700000 drawings
{
  expected: 0.058823529411764705,
  mean: 0.058823529411764705,
  min: 0.05841705882352941,
  max: 0.05918705882352941,
  range: 0.0007699999999999999,
  stddev: 0.00020943851035417819,
  stddev_rel: 0.0035604546760210293,
  range_rel: 0.013089999999999997,
  mean_err: 0,
  mean_err_rel: 0
}


Simulating 21 participants in 2100000 drawings
{
  expected: 0.047619047619047616,
  mean: 0.047619047619047616,
  min: 0.047337619047619045,
  max: 0.04786428571428571,
  range: 0.0005266666666666683,
  stddev: 0.00014976020136816184,
  stddev_rel: 0.003144964228731399,
  range_rel: 0.011060000000000035,
  mean_err: 0,
  mean_err_rel: 0
}


Simulating 25 participants in 2500000 drawings
{
  expected: 0.04,
  mean: 0.04,
  min: 0.0397816,
  max: 0.0402768,
  range: 0.0004952000000000012,
  stddev: 0.00012428456594981311,
  stddev_rel: 0.003107114148745328,
  range_rel: 0.01238000000000003,
  mean_err: 0,
  mean_err_rel: 0
}


Simulating 30 participants in 3000000 drawings
{
  expected: 0.03333333333333333,
  mean: 0.03333333333333333,
  min: 0.03310133333333334,
  max: 0.033466333333333334,
  range: 0.00036499999999999727,
  stddev: 0.00008935113049689239,
  stddev_rel: 0.0026805339149067716,
  range_rel: 0.010949999999999918,
  mean_err: 0,
  mean_err_rel: 0
}


Simulating 37 participants in 3700000 drawings
{
  expected: 0.02702702702702703,
  mean: 0.027027027027027018,
  min: 0.026876486486486488,
  max: 0.02722027027027027,
  range: 0.0003437837837837812,
  stddev: 0.00008089678755168278,
  stddev_rel: 0.0029931811394122627,
  range_rel: 0.012719999999999905,
  mean_err: -1.0408340855860843e-17,
  mean_err_rel: -3.8510861166685117e-16
}


Simulating 44 participants in 4400000 drawings
{
  expected: 0.022727272727272728,
  mean: 0.022727272727272728,
  min: 0.02253340909090909,
  max: 0.022877727272727272,
  range: 0.00034431818181818175,
  stddev: 0.00007323716276849233,
  stddev_rel: 0.0032224351618136624,
  range_rel: 0.015149999999999997,
  mean_err: 0,
  mean_err_rel: 0
}


Simulating 53 participants in 5300000 drawings
{
  expected: 0.018867924528301886,
  mean: 0.018867924528301886,
  min: 0.018744716981132076,
  max: 0.01897622641509434,
  range: 0.00023150943396226323,
  stddev: 0.00005480675534121803,
  stddev_rel: 0.002904758033084556,
  range_rel: 0.012269999999999951,
  mean_err: 0,
  mean_err_rel: 0
}


Simulating 64 participants in 6400000 drawings
{
  expected: 0.015625,
  mean: 0.015625,
  min: 0.01550125,
  max: 0.01573828125,
  range: 0.00023703125000000026,
  stddev: 0.0000517187312676799,
  stddev_rel: 0.0033099988011315138,
  range_rel: 0.015170000000000017,
  mean_err: 0,
  mean_err_rel: 0
}


Simulating 77 participants in 7700000 drawings
{
  expected: 0.012987012987012988,
  mean: 0.012987012987012983,
  min: 0.012897272727272728,
  max: 0.013086883116883117,
  range: 0.00018961038961038887,
  stddev: 0.000039043624024516534,
  stddev_rel: 0.003006359049887773,
  range_rel: 0.014599999999999941,
  mean_err: -5.204170427930421e-18,
  mean_err_rel: -4.007211229506424e-16
}


Simulating 92 participants in 9200000 drawings
{
  expected: 0.010869565217391304,
  mean: 0.010869565217391304,
  min: 0.010797282608695653,
  max: 0.010964891304347826,
  range: 0.00016760869565217267,
  stddev: 0.000035965864882058826,
  stddev_rel: 0.003308859569149412,
  range_rel: 0.015419999999999885,
  mean_err: 0,
  mean_err_rel: 0
}


Simulating 110 participants in 11000000 drawings
{
  expected: 0.00909090909090909,
  mean: 0.00909090909090909,
  min: 0.009022,
  max: 0.009162727272727272,
  range: 0.00014072727272727154,
  stddev: 0.000029498805798862946,
  stddev_rel: 0.003244868637874924,
  range_rel: 0.015479999999999869,
  mean_err: 0,
  mean_err_rel: 0
}


Simulating 133 participants in 13300000 drawings
{
  expected: 0.007518796992481203,
  mean: 0.007518796992481203,
  min: 0.007439398496240601,
  max: 0.007577593984962406,
  range: 0.00013819548872180502,
  stddev: 0.00002273372043593489,
  stddev_rel: 0.0030235848179793407,
  range_rel: 0.01838000000000007,
  mean_err: 0,
  mean_err_rel: 0
}


Simulating 159 participants in 15900000 drawings
{
  expected: 0.006289308176100629,
  mean: 0.00628930817610063,
  min: 0.006245597484276729,
  max: 0.006344779874213837,
  range: 0.00009918238993710752,
  stddev: 0.000019005154691945148,
  stddev_rel: 0.0030218195960192784,
  range_rel: 0.015770000000000096,
  mean_err: 8.673617379884035e-19,
  mean_err_rel: 1.3791051634015616e-16
}


Simulating 191 participants in 19100000 drawings
{
  expected: 0.005235602094240838,
  mean: 0.005235602094240833,
  min: 0.0051947120418848166,
  max: 0.005277748691099477,
  range: 0.0000830366492146602,
  stddev: 0.000015583349659952058,
  stddev_rel: 0.002976419785050843,
  range_rel: 0.015860000000000096,
  mean_err: -5.204170427930421e-18,
  mean_err_rel: -9.939965517347105e-16
}


Simulating 230 participants in 23000000 drawings
{
  expected: 0.004347826086956522,
  mean: 0.004347826086956522,
  min: 0.0043128695652173915,
  max: 0.004384913043478261,
  range: 0.00007204347826086921,
  stddev: 0.000013321959774324691,
  stddev_rel: 0.003064050748094679,
  range_rel: 0.016569999999999918,
  mean_err: 0,
  mean_err_rel: 0
}


Simulating 276 participants in 27600000 drawings
{
  expected: 0.0036231884057971015,
  mean: 0.0036231884057970993,
  min: 0.003589927536231884,
  max: 0.003662789855072464,
  range: 0.00007286231884057973,
  stddev: 0.000012320848088770078,
  stddev_rel: 0.0034005540725005417,
  range_rel: 0.020110000000000006,
  mean_err: -2.168404344971009e-18,
  mean_err_rel: -5.984795992119984e-16
}


Simulating 331 participants in 33100000 drawings
{
  expected: 0.0030211480362537764,
  mean: 0.0030211480362537773,
  min: 0.002992749244712991,
  max: 0.0030510271903323263,
  range: 0.00005827794561933525,
  stddev: 0.000009311645015971315,
  stddev_rel: 0.003082154500286505,
  range_rel: 0.019289999999999967,
  mean_err: 8.673617379884035e-19,
  mean_err_rel: 2.8709673527416157e-16
}


Simulating 397 participants in 39700000 drawings
{
  expected: 0.0025188916876574307,
  mean: 0.0025188916876574302,
  min: 0.002500428211586902,
  max: 0.0025436523929471032,
  range: 0.00004322418136020129,
  stddev: 0.000007788462322570857,
  stddev_rel: 0.0030920195420606304,
  range_rel: 0.01715999999999991,
  mean_err: -4.336808689942018e-19,
  mean_err_rel: -1.721713049906981e-16
}


Simulating 476 participants in 47600000 drawings
